<?xml version="1.0" encoding="UTF-8"?>
<testsuite xmlns:xsi="http://www.w3.org/2001/XMLSchema-instance" xsi:noNamespaceSchemaLocation="https://maven.apache.org/surefire/maven-surefire-plugin/xsd/surefire-test-report-3.0.xsd" version="3.0" name="app.blog.BlogApplicationTests" time="2.325" tests="1" errors="0" skipped="0" failures="0">
  <properties>
    <property name="java.specification.version" value="17"/>
    <property name="sun.jnu.encoding" value="UTF-8"/>
    <property name="java.class.path" value="/Users/JiahaoLU/Documents/GitHub/blog-server/target/test-classes:/Users/JiahaoLU/Documents/GitHub/blog-server/target/classes:/Users/JiahaoLU/.m2/repository/org/springframework/boot/spring-boot-starter-data-jpa/3.1.9/spring-boot-starter-data-jpa-3.1.9.jar:/Users/JiahaoLU/.m2/repository/org/springframework/boot/spring-boot-starter-aop/3.1.9/spring-boot-starter-aop-3.1.9.jar:/Users/JiahaoLU/.m2/repository/org/aspectj/aspectjweaver/1.9.21/aspectjweaver-1.9.21.jar:/Users/JiahaoLU/.m2/repository/org/hibernate/orm/hibernate-core/6.2.22.Final/hibernate-core-6.2.22.Final.jar:/Users/JiahaoLU/.m2/repository/jakarta/persistence/jakarta.persistence-api/3.1.0/jakarta.persistence-api-3.1.0.jar:/Users/JiahaoLU/.m2/repository/jakarta/transaction/jakarta.transaction-api/2.0.1/jakarta.transaction-api-2.0.1.jar:/Users/JiahaoLU/.m2/repository/org/jboss/logging/jboss-logging/3.5.3.Final/jboss-logging-3.5.3.Final.jar:/Users/JiahaoLU/.m2/repository/org/hibernate/common/hibernate-commons-annotations/6.0.6.Final/hibernate-commons-annotations-6.0.6.Final.jar:/Users/JiahaoLU/.m2/repository/io/smallrye/jandex/3.0.5/jandex-3.0.5.jar:/Users/JiahaoLU/.m2/repository/com/fasterxml/classmate/1.5.1/classmate-1.5.1.jar:/Users/JiahaoLU/.m2/repository/net/bytebuddy/byte-buddy/1.14.12/byte-buddy-1.14.12.jar:/Users/JiahaoLU/.m2/repository/org/glassfish/jaxb/jaxb-runtime/4.0.4/jaxb-runtime-4.0.4.jar:/Users/JiahaoLU/.m2/repository/org/glassfish/jaxb/jaxb-core/4.0.4/jaxb-core-4.0.4.jar:/Users/JiahaoLU/.m2/repository/org/eclipse/angus/angus-activation/2.0.1/angus-activation-2.0.1.jar:/Users/JiahaoLU/.m2/repository/org/glassfish/jaxb/txw2/4.0.4/txw2-4.0.4.jar:/Users/JiahaoLU/.m2/repository/com/sun/istack/istack-commons-runtime/4.1.2/istack-commons-runtime-4.1.2.jar:/Users/JiahaoLU/.m2/repository/jakarta/inject/jakarta.inject-api/2.0.1/jakarta.inject-api-2.0.1.jar:/Users/JiahaoLU/.m2/repository/org/antlr/antlr4-runtime/4.10.1/antlr4-runtime-4.10.1.jar:/Users/JiahaoLU/.m2/repository/org/springframework/data/spring-data-jpa/3.1.9/spring-data-jpa-3.1.9.jar:/Users/JiahaoLU/.m2/repository/org/springframework/data/spring-data-commons/3.1.9/spring-data-commons-3.1.9.jar:/Users/JiahaoLU/.m2/repository/org/springframework/spring-orm/6.0.17/spring-orm-6.0.17.jar:/Users/JiahaoLU/.m2/repository/org/springframework/spring-context/6.0.17/spring-context-6.0.17.jar:/Users/JiahaoLU/.m2/repository/org/springframework/spring-tx/6.0.17/spring-tx-6.0.17.jar:/Users/JiahaoLU/.m2/repository/org/springframework/spring-beans/6.0.17/spring-beans-6.0.17.jar:/Users/JiahaoLU/.m2/repository/jakarta/annotation/jakarta.annotation-api/2.1.1/jakarta.annotation-api-2.1.1.jar:/Users/JiahaoLU/.m2/repository/org/slf4j/slf4j-api/2.0.12/slf4j-api-2.0.12.jar:/Users/JiahaoLU/.m2/repository/org/springframework/spring-aspects/6.0.17/spring-aspects-6.0.17.jar:/Users/JiahaoLU/.m2/repository/org/springframework/boot/spring-boot-starter-security/3.1.9/spring-boot-starter-security-3.1.9.jar:/Users/JiahaoLU/.m2/repository/org/springframework/boot/spring-boot-starter/3.1.9/spring-boot-starter-3.1.9.jar:/Users/JiahaoLU/.m2/repository/org/springframework/boot/spring-boot/3.1.9/spring-boot-3.1.9.jar:/Users/JiahaoLU/.m2/repository/org/springframework/boot/spring-boot-autoconfigure/3.1.9/spring-boot-autoconfigure-3.1.9.jar:/Users/JiahaoLU/.m2/repository/org/springframework/boot/spring-boot-starter-logging/3.1.9/spring-boot-starter-logging-3.1.9.jar:/Users/JiahaoLU/.m2/repository/ch/qos/logback/logback-classic/1.4.14/logback-classic-1.4.14.jar:/Users/JiahaoLU/.m2/repository/ch/qos/logback/logback-core/1.4.14/logback-core-1.4.14.jar:/Users/JiahaoLU/.m2/repository/org/apache/logging/log4j/log4j-to-slf4j/2.20.0/log4j-to-slf4j-2.20.0.jar:/Users/JiahaoLU/.m2/repository/org/apache/logging/log4j/log4j-api/2.20.0/log4j-api-2.20.0.jar:/Users/JiahaoLU/.m2/repository/org/slf4j/jul-to-slf4j/2.0.12/jul-to-slf4j-2.0.12.jar:/Users/JiahaoLU/.m2/repository/org/springframework/spring-aop/6.0.17/spring-aop-6.0.17.jar:/Users/JiahaoLU/.m2/repository/org/springframework/security/spring-security-config/6.1.7/spring-security-config-6.1.7.jar:/Users/JiahaoLU/.m2/repository/org/springframework/security/spring-security-core/6.1.7/spring-security-core-6.1.7.jar:/Users/JiahaoLU/.m2/repository/org/springframework/security/spring-security-crypto/6.1.7/spring-security-crypto-6.1.7.jar:/Users/JiahaoLU/.m2/repository/org/springframework/security/spring-security-web/6.1.7/spring-security-web-6.1.7.jar:/Users/JiahaoLU/.m2/repository/org/springframework/spring-expression/6.0.17/spring-expression-6.0.17.jar:/Users/JiahaoLU/.m2/repository/org/springframework/boot/spring-boot-starter-jdbc/3.1.9/spring-boot-starter-jdbc-3.1.9.jar:/Users/JiahaoLU/.m2/repository/com/zaxxer/HikariCP/5.0.1/HikariCP-5.0.1.jar:/Users/JiahaoLU/.m2/repository/org/springframework/spring-jdbc/6.0.17/spring-jdbc-6.0.17.jar:/Users/JiahaoLU/.m2/repository/org/springframework/boot/spring-boot-starter-web/3.1.9/spring-boot-starter-web-3.1.9.jar:/Users/JiahaoLU/.m2/repository/org/springframework/boot/spring-boot-starter-json/3.1.9/spring-boot-starter-json-3.1.9.jar:/Users/JiahaoLU/.m2/repository/com/fasterxml/jackson/datatype/jackson-datatype-jdk8/2.15.4/jackson-datatype-jdk8-2.15.4.jar:/Users/JiahaoLU/.m2/repository/com/fasterxml/jackson/datatype/jackson-datatype-jsr310/2.15.4/jackson-datatype-jsr310-2.15.4.jar:/Users/JiahaoLU/.m2/repository/com/fasterxml/jackson/module/jackson-module-parameter-names/2.15.4/jackson-module-parameter-names-2.15.4.jar:/Users/JiahaoLU/.m2/repository/org/springframework/boot/spring-boot-starter-tomcat/3.1.9/spring-boot-starter-tomcat-3.1.9.jar:/Users/JiahaoLU/.m2/repository/org/apache/tomcat/embed/tomcat-embed-core/10.1.19/tomcat-embed-core-10.1.19.jar:/Users/JiahaoLU/.m2/repository/org/apache/tomcat/embed/tomcat-embed-websocket/10.1.19/tomcat-embed-websocket-10.1.19.jar:/Users/JiahaoLU/.m2/repository/org/springframework/spring-web/6.0.17/spring-web-6.0.17.jar:/Users/JiahaoLU/.m2/repository/io/micrometer/micrometer-observation/1.11.9/micrometer-observation-1.11.9.jar:/Users/JiahaoLU/.m2/repository/io/micrometer/micrometer-commons/1.11.9/micrometer-commons-1.11.9.jar:/Users/JiahaoLU/.m2/repository/org/springframework/spring-webmvc/6.0.17/spring-webmvc-6.0.17.jar:/Users/JiahaoLU/.m2/repository/org/yaml/snakeyaml/2.2/snakeyaml-2.2.jar:/Users/JiahaoLU/.m2/repository/com/auth0/java-jwt/4.4.0/java-jwt-4.4.0.jar:/Users/JiahaoLU/.m2/repository/com/fasterxml/jackson/core/jackson-databind/2.15.4/jackson-databind-2.15.4.jar:/Users/JiahaoLU/.m2/repository/com/fasterxml/jackson/core/jackson-annotations/2.15.4/jackson-annotations-2.15.4.jar:/Users/JiahaoLU/.m2/repository/com/fasterxml/jackson/core/jackson-core/2.15.4/jackson-core-2.15.4.jar:/Users/JiahaoLU/.m2/repository/org/projectlombok/lombok/1.18.30/lombok-1.18.30.jar:/Users/JiahaoLU/.m2/repository/org/springframework/boot/spring-boot-starter-test/3.1.9/spring-boot-starter-test-3.1.9.jar:/Users/JiahaoLU/.m2/repository/org/springframework/boot/spring-boot-test/3.1.9/spring-boot-test-3.1.9.jar:/Users/JiahaoLU/.m2/repository/org/springframework/boot/spring-boot-test-autoconfigure/3.1.9/spring-boot-test-autoconfigure-3.1.9.jar:/Users/JiahaoLU/.m2/repository/com/jayway/jsonpath/json-path/2.9.0/json-path-2.9.0.jar:/Users/JiahaoLU/.m2/repository/jakarta/xml/bind/jakarta.xml.bind-api/4.0.1/jakarta.xml.bind-api-4.0.1.jar:/Users/JiahaoLU/.m2/repository/jakarta/activation/jakarta.activation-api/2.1.2/jakarta.activation-api-2.1.2.jar:/Users/JiahaoLU/.m2/repository/net/minidev/json-smart/2.4.11/json-smart-2.4.11.jar:/Users/JiahaoLU/.m2/repository/net/minidev/accessors-smart/2.4.11/accessors-smart-2.4.11.jar:/Users/JiahaoLU/.m2/repository/org/ow2/asm/asm/9.3/asm-9.3.jar:/Users/JiahaoLU/.m2/repository/org/assertj/assertj-core/3.24.2/assertj-core-3.24.2.jar:/Users/JiahaoLU/.m2/repository/org/hamcrest/hamcrest/2.2/hamcrest-2.2.jar:/Users/JiahaoLU/.m2/repository/org/junit/jupiter/junit-jupiter/5.9.3/junit-jupiter-5.9.3.jar:/Users/JiahaoLU/.m2/repository/org/junit/jupiter/junit-jupiter-params/5.9.3/junit-jupiter-params-5.9.3.jar:/Users/JiahaoLU/.m2/repository/org/mockito/mockito-core/5.3.1/mockito-core-5.3.1.jar:/Users/JiahaoLU/.m2/repository/net/bytebuddy/byte-buddy-agent/1.14.12/byte-buddy-agent-1.14.12.jar:/Users/JiahaoLU/.m2/repository/org/objenesis/objenesis/3.3/objenesis-3.3.jar:/Users/JiahaoLU/.m2/repository/org/mockito/mockito-junit-jupiter/5.3.1/mockito-junit-jupiter-5.3.1.jar:/Users/JiahaoLU/.m2/repository/org/skyscreamer/jsonassert/1.5.1/jsonassert-1.5.1.jar:/Users/JiahaoLU/.m2/repository/com/vaadin/external/google/android-json/0.0.20131108.vaadin1/android-json-0.0.20131108.vaadin1.jar:/Users/JiahaoLU/.m2/repository/org/springframework/spring-core/6.0.17/spring-core-6.0.17.jar:/Users/JiahaoLU/.m2/repository/org/springframework/spring-jcl/6.0.17/spring-jcl-6.0.17.jar:/Users/JiahaoLU/.m2/repository/org/springframework/spring-test/6.0.17/spring-test-6.0.17.jar:/Users/JiahaoLU/.m2/repository/org/xmlunit/xmlunit-core/2.9.1/xmlunit-core-2.9.1.jar:/Users/JiahaoLU/.m2/repository/org/postgresql/postgresql/42.6.1/postgresql-42.6.1.jar:/Users/JiahaoLU/.m2/repository/org/checkerframework/checker-qual/3.31.0/checker-qual-3.31.0.jar:/Users/JiahaoLU/.m2/repository/jakarta/validation/jakarta.validation-api/3.0.2/jakarta.validation-api-3.0.2.jar:/Users/JiahaoLU/.m2/repository/org/springframework/boot/spring-boot-starter-validation/3.1.9/spring-boot-starter-validation-3.1.9.jar:/Users/JiahaoLU/.m2/repository/org/apache/tomcat/embed/tomcat-embed-el/10.1.19/tomcat-embed-el-10.1.19.jar:/Users/JiahaoLU/.m2/repository/org/hibernate/validator/hibernate-validator/8.0.1.Final/hibernate-validator-8.0.1.Final.jar:/Users/JiahaoLU/.m2/repository/org/junit/jupiter/junit-jupiter-engine/5.9.3/junit-jupiter-engine-5.9.3.jar:/Users/JiahaoLU/.m2/repository/org/junit/platform/junit-platform-engine/1.9.3/junit-platform-engine-1.9.3.jar:/Users/JiahaoLU/.m2/repository/org/opentest4j/opentest4j/1.2.0/opentest4j-1.2.0.jar:/Users/JiahaoLU/.m2/repository/org/junit/platform/junit-platform-commons/1.9.3/junit-platform-commons-1.9.3.jar:/Users/JiahaoLU/.m2/repository/org/junit/jupiter/junit-jupiter-api/5.9.3/junit-jupiter-api-5.9.3.jar:/Users/JiahaoLU/.m2/repository/org/apiguardian/apiguardian-api/1.1.2/apiguardian-api-1.1.2.jar:/Users/JiahaoLU/.m2/repository/com/h2database/h2/2.1.214/h2-2.1.214.jar:"/>
    <property name="java.vm.vendor" value="Oracle Corporation"/>
    <property name="sun.arch.data.model" value="64"/>
    <property name="java.vendor.url" value="https://java.oracle.com/"/>
    <property name="user.timezone" value="Australia/Adelaide"/>
    <property name="org.jboss.logging.provider" value="slf4j"/>
    <property name="os.name" value="Mac OS X"/>
    <property name="java.vm.specification.version" value="17"/>
    <property name="sun.java.launcher" value="SUN_STANDARD"/>
    <property name="user.country" value="CN"/>
    <property name="sun.boot.library.path" value="/Library/Java/JavaVirtualMachines/jdk-17.0.9.jdk/Contents/Home/lib"/>
    <property name="sun.java.command" value="/Users/JiahaoLU/Documents/GitHub/blog-server/target/surefire/surefirebooter-20241212150913825_3.jar /Users/JiahaoLU/Documents/GitHub/blog-server/target/surefire 2024-12-12T15-09-13_779-jvmRun1 surefire-20241212150913825_1tmp surefire_0-20241212150913825_2tmp"/>
    <property name="http.nonProxyHosts" value="local|*.local|169.254/16|*.169.254/16"/>
    <property name="jdk.debug" value="release"/>
    <property name="surefire.test.class.path" value="/Users/JiahaoLU/Documents/GitHub/blog-server/target/test-classes:/Users/JiahaoLU/Documents/GitHub/blog-server/target/classes:/Users/JiahaoLU/.m2/repository/org/springframework/boot/spring-boot-starter-data-jpa/3.1.9/spring-boot-starter-data-jpa-3.1.9.jar:/Users/JiahaoLU/.m2/repository/org/springframework/boot/spring-boot-starter-aop/3.1.9/spring-boot-starter-aop-3.1.9.jar:/Users/JiahaoLU/.m2/repository/org/aspectj/aspectjweaver/1.9.21/aspectjweaver-1.9.21.jar:/Users/JiahaoLU/.m2/repository/org/hibernate/orm/hibernate-core/6.2.22.Final/hibernate-core-6.2.22.Final.jar:/Users/JiahaoLU/.m2/repository/jakarta/persistence/jakarta.persistence-api/3.1.0/jakarta.persistence-api-3.1.0.jar:/Users/JiahaoLU/.m2/repository/jakarta/transaction/jakarta.transaction-api/2.0.1/jakarta.transaction-api-2.0.1.jar:/Users/JiahaoLU/.m2/repository/org/jboss/logging/jboss-logging/3.5.3.Final/jboss-logging-3.5.3.Final.jar:/Users/JiahaoLU/.m2/repository/org/hibernate/common/hibernate-commons-annotations/6.0.6.Final/hibernate-commons-annotations-6.0.6.Final.jar:/Users/JiahaoLU/.m2/repository/io/smallrye/jandex/3.0.5/jandex-3.0.5.jar:/Users/JiahaoLU/.m2/repository/com/fasterxml/classmate/1.5.1/classmate-1.5.1.jar:/Users/JiahaoLU/.m2/repository/net/bytebuddy/byte-buddy/1.14.12/byte-buddy-1.14.12.jar:/Users/JiahaoLU/.m2/repository/org/glassfish/jaxb/jaxb-runtime/4.0.4/jaxb-runtime-4.0.4.jar:/Users/JiahaoLU/.m2/repository/org/glassfish/jaxb/jaxb-core/4.0.4/jaxb-core-4.0.4.jar:/Users/JiahaoLU/.m2/repository/org/eclipse/angus/angus-activation/2.0.1/angus-activation-2.0.1.jar:/Users/JiahaoLU/.m2/repository/org/glassfish/jaxb/txw2/4.0.4/txw2-4.0.4.jar:/Users/JiahaoLU/.m2/repository/com/sun/istack/istack-commons-runtime/4.1.2/istack-commons-runtime-4.1.2.jar:/Users/JiahaoLU/.m2/repository/jakarta/inject/jakarta.inject-api/2.0.1/jakarta.inject-api-2.0.1.jar:/Users/JiahaoLU/.m2/repository/org/antlr/antlr4-runtime/4.10.1/antlr4-runtime-4.10.1.jar:/Users/JiahaoLU/.m2/repository/org/springframework/data/spring-data-jpa/3.1.9/spring-data-jpa-3.1.9.jar:/Users/JiahaoLU/.m2/repository/org/springframework/data/spring-data-commons/3.1.9/spring-data-commons-3.1.9.jar:/Users/JiahaoLU/.m2/repository/org/springframework/spring-orm/6.0.17/spring-orm-6.0.17.jar:/Users/JiahaoLU/.m2/repository/org/springframework/spring-context/6.0.17/spring-context-6.0.17.jar:/Users/JiahaoLU/.m2/repository/org/springframework/spring-tx/6.0.17/spring-tx-6.0.17.jar:/Users/JiahaoLU/.m2/repository/org/springframework/spring-beans/6.0.17/spring-beans-6.0.17.jar:/Users/JiahaoLU/.m2/repository/jakarta/annotation/jakarta.annotation-api/2.1.1/jakarta.annotation-api-2.1.1.jar:/Users/JiahaoLU/.m2/repository/org/slf4j/slf4j-api/2.0.12/slf4j-api-2.0.12.jar:/Users/JiahaoLU/.m2/repository/org/springframework/spring-aspects/6.0.17/spring-aspects-6.0.17.jar:/Users/JiahaoLU/.m2/repository/org/springframework/boot/spring-boot-starter-security/3.1.9/spring-boot-starter-security-3.1.9.jar:/Users/JiahaoLU/.m2/repository/org/springframework/boot/spring-boot-starter/3.1.9/spring-boot-starter-3.1.9.jar:/Users/JiahaoLU/.m2/repository/org/springframework/boot/spring-boot/3.1.9/spring-boot-3.1.9.jar:/Users/JiahaoLU/.m2/repository/org/springframework/boot/spring-boot-autoconfigure/3.1.9/spring-boot-autoconfigure-3.1.9.jar:/Users/JiahaoLU/.m2/repository/org/springframework/boot/spring-boot-starter-logging/3.1.9/spring-boot-starter-logging-3.1.9.jar:/Users/JiahaoLU/.m2/repository/ch/qos/logback/logback-classic/1.4.14/logback-classic-1.4.14.jar:/Users/JiahaoLU/.m2/repository/ch/qos/logback/logback-core/1.4.14/logback-core-1.4.14.jar:/Users/JiahaoLU/.m2/repository/org/apache/logging/log4j/log4j-to-slf4j/2.20.0/log4j-to-slf4j-2.20.0.jar:/Users/JiahaoLU/.m2/repository/org/apache/logging/log4j/log4j-api/2.20.0/log4j-api-2.20.0.jar:/Users/JiahaoLU/.m2/repository/org/slf4j/jul-to-slf4j/2.0.12/jul-to-slf4j-2.0.12.jar:/Users/JiahaoLU/.m2/repository/org/springframework/spring-aop/6.0.17/spring-aop-6.0.17.jar:/Users/JiahaoLU/.m2/repository/org/springframework/security/spring-security-config/6.1.7/spring-security-config-6.1.7.jar:/Users/JiahaoLU/.m2/repository/org/springframework/security/spring-security-core/6.1.7/spring-security-core-6.1.7.jar:/Users/JiahaoLU/.m2/repository/org/springframework/security/spring-security-crypto/6.1.7/spring-security-crypto-6.1.7.jar:/Users/JiahaoLU/.m2/repository/org/springframework/security/spring-security-web/6.1.7/spring-security-web-6.1.7.jar:/Users/JiahaoLU/.m2/repository/org/springframework/spring-expression/6.0.17/spring-expression-6.0.17.jar:/Users/JiahaoLU/.m2/repository/org/springframework/boot/spring-boot-starter-jdbc/3.1.9/spring-boot-starter-jdbc-3.1.9.jar:/Users/JiahaoLU/.m2/repository/com/zaxxer/HikariCP/5.0.1/HikariCP-5.0.1.jar:/Users/JiahaoLU/.m2/repository/org/springframework/spring-jdbc/6.0.17/spring-jdbc-6.0.17.jar:/Users/JiahaoLU/.m2/repository/org/springframework/boot/spring-boot-starter-web/3.1.9/spring-boot-starter-web-3.1.9.jar:/Users/JiahaoLU/.m2/repository/org/springframework/boot/spring-boot-starter-json/3.1.9/spring-boot-starter-json-3.1.9.jar:/Users/JiahaoLU/.m2/repository/com/fasterxml/jackson/datatype/jackson-datatype-jdk8/2.15.4/jackson-datatype-jdk8-2.15.4.jar:/Users/JiahaoLU/.m2/repository/com/fasterxml/jackson/datatype/jackson-datatype-jsr310/2.15.4/jackson-datatype-jsr310-2.15.4.jar:/Users/JiahaoLU/.m2/repository/com/fasterxml/jackson/module/jackson-module-parameter-names/2.15.4/jackson-module-parameter-names-2.15.4.jar:/Users/JiahaoLU/.m2/repository/org/springframework/boot/spring-boot-starter-tomcat/3.1.9/spring-boot-starter-tomcat-3.1.9.jar:/Users/JiahaoLU/.m2/repository/org/apache/tomcat/embed/tomcat-embed-core/10.1.19/tomcat-embed-core-10.1.19.jar:/Users/JiahaoLU/.m2/repository/org/apache/tomcat/embed/tomcat-embed-websocket/10.1.19/tomcat-embed-websocket-10.1.19.jar:/Users/JiahaoLU/.m2/repository/org/springframework/spring-web/6.0.17/spring-web-6.0.17.jar:/Users/JiahaoLU/.m2/repository/io/micrometer/micrometer-observation/1.11.9/micrometer-observation-1.11.9.jar:/Users/JiahaoLU/.m2/repository/io/micrometer/micrometer-commons/1.11.9/micrometer-commons-1.11.9.jar:/Users/JiahaoLU/.m2/repository/org/springframework/spring-webmvc/6.0.17/spring-webmvc-6.0.17.jar:/Users/JiahaoLU/.m2/repository/org/yaml/snakeyaml/2.2/snakeyaml-2.2.jar:/Users/JiahaoLU/.m2/repository/com/auth0/java-jwt/4.4.0/java-jwt-4.4.0.jar:/Users/JiahaoLU/.m2/repository/com/fasterxml/jackson/core/jackson-databind/2.15.4/jackson-databind-2.15.4.jar:/Users/JiahaoLU/.m2/repository/com/fasterxml/jackson/core/jackson-annotations/2.15.4/jackson-annotations-2.15.4.jar:/Users/JiahaoLU/.m2/repository/com/fasterxml/jackson/core/jackson-core/2.15.4/jackson-core-2.15.4.jar:/Users/JiahaoLU/.m2/repository/org/projectlombok/lombok/1.18.30/lombok-1.18.30.jar:/Users/JiahaoLU/.m2/repository/org/springframework/boot/spring-boot-starter-test/3.1.9/spring-boot-starter-test-3.1.9.jar:/Users/JiahaoLU/.m2/repository/org/springframework/boot/spring-boot-test/3.1.9/spring-boot-test-3.1.9.jar:/Users/JiahaoLU/.m2/repository/org/springframework/boot/spring-boot-test-autoconfigure/3.1.9/spring-boot-test-autoconfigure-3.1.9.jar:/Users/JiahaoLU/.m2/repository/com/jayway/jsonpath/json-path/2.9.0/json-path-2.9.0.jar:/Users/JiahaoLU/.m2/repository/jakarta/xml/bind/jakarta.xml.bind-api/4.0.1/jakarta.xml.bind-api-4.0.1.jar:/Users/JiahaoLU/.m2/repository/jakarta/activation/jakarta.activation-api/2.1.2/jakarta.activation-api-2.1.2.jar:/Users/JiahaoLU/.m2/repository/net/minidev/json-smart/2.4.11/json-smart-2.4.11.jar:/Users/JiahaoLU/.m2/repository/net/minidev/accessors-smart/2.4.11/accessors-smart-2.4.11.jar:/Users/JiahaoLU/.m2/repository/org/ow2/asm/asm/9.3/asm-9.3.jar:/Users/JiahaoLU/.m2/repository/org/assertj/assertj-core/3.24.2/assertj-core-3.24.2.jar:/Users/JiahaoLU/.m2/repository/org/hamcrest/hamcrest/2.2/hamcrest-2.2.jar:/Users/JiahaoLU/.m2/repository/org/junit/jupiter/junit-jupiter/5.9.3/junit-jupiter-5.9.3.jar:/Users/JiahaoLU/.m2/repository/org/junit/jupiter/junit-jupiter-params/5.9.3/junit-jupiter-params-5.9.3.jar:/Users/JiahaoLU/.m2/repository/org/mockito/mockito-core/5.3.1/mockito-core-5.3.1.jar:/Users/JiahaoLU/.m2/repository/net/bytebuddy/byte-buddy-agent/1.14.12/byte-buddy-agent-1.14.12.jar:/Users/JiahaoLU/.m2/repository/org/objenesis/objenesis/3.3/objenesis-3.3.jar:/Users/JiahaoLU/.m2/repository/org/mockito/mockito-junit-jupiter/5.3.1/mockito-junit-jupiter-5.3.1.jar:/Users/JiahaoLU/.m2/repository/org/skyscreamer/jsonassert/1.5.1/jsonassert-1.5.1.jar:/Users/JiahaoLU/.m2/repository/com/vaadin/external/google/android-json/0.0.20131108.vaadin1/android-json-0.0.20131108.vaadin1.jar:/Users/JiahaoLU/.m2/repository/org/springframework/spring-core/6.0.17/spring-core-6.0.17.jar:/Users/JiahaoLU/.m2/repository/org/springframework/spring-jcl/6.0.17/spring-jcl-6.0.17.jar:/Users/JiahaoLU/.m2/repository/org/springframework/spring-test/6.0.17/spring-test-6.0.17.jar:/Users/JiahaoLU/.m2/repository/org/xmlunit/xmlunit-core/2.9.1/xmlunit-core-2.9.1.jar:/Users/JiahaoLU/.m2/repository/org/postgresql/postgresql/42.6.1/postgresql-42.6.1.jar:/Users/JiahaoLU/.m2/repository/org/checkerframework/checker-qual/3.31.0/checker-qual-3.31.0.jar:/Users/JiahaoLU/.m2/repository/jakarta/validation/jakarta.validation-api/3.0.2/jakarta.validation-api-3.0.2.jar:/Users/JiahaoLU/.m2/repository/org/springframework/boot/spring-boot-starter-validation/3.1.9/spring-boot-starter-validation-3.1.9.jar:/Users/JiahaoLU/.m2/repository/org/apache/tomcat/embed/tomcat-embed-el/10.1.19/tomcat-embed-el-10.1.19.jar:/Users/JiahaoLU/.m2/repository/org/hibernate/validator/hibernate-validator/8.0.1.Final/hibernate-validator-8.0.1.Final.jar:/Users/JiahaoLU/.m2/repository/org/junit/jupiter/junit-jupiter-engine/5.9.3/junit-jupiter-engine-5.9.3.jar:/Users/JiahaoLU/.m2/repository/org/junit/platform/junit-platform-engine/1.9.3/junit-platform-engine-1.9.3.jar:/Users/JiahaoLU/.m2/repository/org/opentest4j/opentest4j/1.2.0/opentest4j-1.2.0.jar:/Users/JiahaoLU/.m2/repository/org/junit/platform/junit-platform-commons/1.9.3/junit-platform-commons-1.9.3.jar:/Users/JiahaoLU/.m2/repository/org/junit/jupiter/junit-jupiter-api/5.9.3/junit-jupiter-api-5.9.3.jar:/Users/JiahaoLU/.m2/repository/org/apiguardian/apiguardian-api/1.1.2/apiguardian-api-1.1.2.jar:/Users/JiahaoLU/.m2/repository/com/h2database/h2/2.1.214/h2-2.1.214.jar:"/>
    <property name="sun.cpu.endian" value="little"/>
    <property name="user.home" value="/Users/JiahaoLU"/>
    <property name="user.language" value="en"/>
    <property name="java.specification.vendor" value="Oracle Corporation"/>
    <property name="java.version.date" value="2023-10-17"/>
    <property name="java.home" value="/Library/Java/JavaVirtualMachines/jdk-17.0.9.jdk/Contents/Home"/>
    <property name="file.separator" value="/"/>
    <property name="basedir" value="/Users/JiahaoLU/Documents/GitHub/blog-server"/>
    <property name="java.vm.compressedOopsMode" value="Zero based"/>
    <property name="line.separator" value="&#10;"/>
    <property name="java.vm.specification.vendor" value="Oracle Corporation"/>
    <property name="java.specification.name" value="Java Platform API Specification"/>
    <property name="FILE_LOG_CHARSET" value="UTF-8"/>
    <property name="java.awt.headless" value="true"/>
    <property name="surefire.real.class.path" value="/Users/JiahaoLU/Documents/GitHub/blog-server/target/surefire/surefirebooter-20241212150913825_3.jar"/>
    <property name="sun.management.compiler" value="HotSpot 64-Bit Tiered Compilers"/>
    <property name="ftp.nonProxyHosts" value="local|*.local|169.254/16|*.169.254/16"/>
    <property name="java.runtime.version" value="17.0.9+11-LTS-201"/>
    <property name="user.name" value="JiahaoLU"/>
    <property name="path.separator" value=":"/>
    <property name="os.version" value="14.4.1"/>
    <property name="java.runtime.name" value="Java(TM) SE Runtime Environment"/>
    <property name="file.encoding" value="UTF-8"/>
    <property name="java.vm.name" value="Java HotSpot(TM) 64-Bit Server VM"/>
    <property name="localRepository" value="/Users/JiahaoLU/.m2/repository"/>
    <property name="java.vendor.url.bug" value="https://bugreport.java.com/bugreport/"/>
    <property name="java.io.tmpdir" value="/var/folders/lf/3v2z09_979l1z27g29j_m1rc0000gn/T/"/>
    <property name="com.zaxxer.hikari.pool_number" value="1"/>
    <property name="java.version" value="17.0.9"/>
    <property name="user.dir" value="/Users/JiahaoLU/Documents/GitHub/blog-server"/>
    <property name="os.arch" value="aarch64"/>
    <property name="java.vm.specification.name" value="Java Virtual Machine Specification"/>
    <property name="PID" value="73826"/>
    <property name="CONSOLE_LOG_CHARSET" value="UTF-8"/>
    <property name="native.encoding" value="UTF-8"/>
    <property name="java.library.path" value="/Users/JiahaoLU/Library/Java/Extensions:/Library/Java/Extensions:/Network/Library/Java/Extensions:/System/Library/Java/Extensions:/usr/lib/java:."/>
    <property name="java.vm.info" value="mixed mode, sharing"/>
    <property name="java.vendor" value="Oracle Corporation"/>
    <property name="java.vm.version" value="17.0.9+11-LTS-201"/>
    <property name="sun.io.unicode.encoding" value="UnicodeBig"/>
    <property name="socksNonProxyHosts" value="local|*.local|169.254/16|*.169.254/16"/>
    <property name="java.class.version" value="61.0"/>
  </properties>
  <testcase name="contextLoads" classname="app.blog.BlogApplicationTests" time="0.271">
    <system-out><![CDATA[15:09:14.191 [main] INFO org.springframework.test.context.support.AnnotationConfigContextLoaderUtils -- Could not detect default configuration classes for test class [app.blog.BlogApplicationTests]: BlogApplicationTests does not declare any static, non-private, non-final, nested classes annotated with @Configuration.
15:09:14.237 [main] INFO org.springframework.boot.test.context.SpringBootTestContextBootstrapper -- Found @SpringBootConfiguration app.blog.BlogApplication for test class app.blog.BlogApplicationTests

  .   ____          _            __ _ _
 /\\ / ___'_ __ _ _(_)_ __  __ _ \ \ \ \
( ( )\___ | '_ | '_| | '_ \/ _` | \ \ \ \
 \\/  ___)| |_)| | | | | || (_| |  ) ) ) )
  '  |____| .__|_| |_|_| |_\__, | / / / /
 =========|_|==============|___/=/_/_/_/
 :: Spring Boot ::                (v3.1.9)

2024-12-12T15:09:14.439+10:30  INFO 73826 --- [           main] app.blog.BlogApplicationTests            : Starting BlogApplicationTests using Java 17.0.9 with PID 73826 (started by JiahaoLU in /Users/JiahaoLU/Documents/GitHub/blog-server)
2024-12-12T15:09:14.440+10:30  INFO 73826 --- [           main] app.blog.BlogApplicationTests            : The following 1 profile is active: "dev"
2024-12-12T15:09:14.745+10:30  INFO 73826 --- [           main] .s.d.r.c.RepositoryConfigurationDelegate : Bootstrapping Spring Data JPA repositories in DEFAULT mode.
2024-12-12T15:09:14.770+10:30  INFO 73826 --- [           main] .s.d.r.c.RepositoryConfigurationDelegate : Finished Spring Data repository scanning in 21 ms. Found 1 JPA repository interface.
2024-12-12T15:09:14.990+10:30  INFO 73826 --- [           main] o.hibernate.jpa.internal.util.LogHelper  : HHH000204: Processing PersistenceUnitInfo [name: default]
2024-12-12T15:09:15.017+10:30  INFO 73826 --- [           main] org.hibernate.Version                    : HHH000412: Hibernate ORM core version 6.2.22.Final
2024-12-12T15:09:15.019+10:30  INFO 73826 --- [           main] org.hibernate.cfg.Environment            : HHH000406: Using bytecode reflection optimizer
2024-12-12T15:09:15.144+10:30  INFO 73826 --- [           main] o.s.o.j.p.SpringPersistenceUnitInfo      : No LoadTimeWeaver setup: ignoring JPA class transformer
2024-12-12T15:09:15.156+10:30  INFO 73826 --- [           main] com.zaxxer.hikari.HikariDataSource       : HikariPool-1 - Starting...
2024-12-12T15:09:15.250+10:30  INFO 73826 --- [           main] com.zaxxer.hikari.pool.HikariPool        : HikariPool-1 - Added connection org.postgresql.jdbc.PgConnection@1f7e52d1
2024-12-12T15:09:15.250+10:30  INFO 73826 --- [           main] com.zaxxer.hikari.HikariDataSource       : HikariPool-1 - Start completed.
2024-12-12T15:09:15.283+10:30  WARN 73826 --- [           main] org.hibernate.orm.deprecation            : HHH90000025: PostgreSQLDialect does not need to be specified explicitly using 'hibernate.dialect' (remove the property setting and it will be selected by default)
2024-12-12T15:09:15.669+10:30  INFO 73826 --- [           main] o.h.e.t.j.p.i.JtaPlatformInitiator       : HHH000489: No JTA platform available (set 'hibernate.transaction.jta.platform' to enable JTA platform integration)
2024-12-12T15:09:15.705+10:30  INFO 73826 --- [           main] j.LocalContainerEntityManagerFactoryBean : Initialized JPA EntityManagerFactory for persistence unit 'default'
2024-12-12T15:09:15.892+10:30  WARN 73826 --- [           main] JpaBaseConfiguration$JpaWebConfiguration : spring.jpa.open-in-view is enabled by default. Therefore, database queries may be performed during view rendering. Explicitly configure spring.jpa.open-in-view to disable this warning
2024-12-12T15:09:16.025+10:30  INFO 73826 --- [           main] o.s.s.web.DefaultSecurityFilterChain     : Will secure any request with [org.springframework.security.web.session.DisableEncodeUrlFilter@2dfab167, org.springframework.security.web.context.request.async.WebAsyncManagerIntegrationFilter@30eee098, org.springframework.security.web.context.SecurityContextHolderFilter@34cb1310, org.springframework.security.web.header.HeaderWriterFilter@44f338ec, org.springframework.security.web.authentication.logout.LogoutFilter@51a5a8ba, app.blog.config.auth.SecurityFilter@1cb929a9, org.springframework.security.web.savedrequest.RequestCacheAwareFilter@41a3c6f5, org.springframework.security.web.servletapi.SecurityContextHolderAwareRequestFilter@13087c75, org.springframework.security.web.authentication.AnonymousAuthenticationFilter@3123ba75, org.springframework.security.web.session.SessionManagementFilter@22f7bf36, org.springframework.security.web.access.ExceptionTranslationFilter@78e4fa1, org.springframework.security.web.access.intercept.AuthorizationFilter@30a5a58d]
2024-12-12T15:09:16.158+10:30  INFO 73826 --- [           main] app.blog.BlogApplicationTests            : Started BlogApplicationTests in 1.858 seconds (process running for 2.288)
]]></system-out>
  </testcase>
</testsuite>